#
# There is insufficient memory for the Java Runtime Environment to continue.
# Native memory allocation (mmap) failed to map 132120576 bytes for G1 virtual space
# Possible reasons:
#   The system is out of physical RAM or swap space
#   The process is running with CompressedOops enabled, and the Java Heap may be blocking the growth of the native heap
# Possible solutions:
#   Reduce memory load on the system
#   Increase physical memory or swap space
#   Check if swap backing store is full
#   Decrease Java heap size (-Xmx/-Xms)
#   Decrease number of Java threads
#   Decrease Java thread stack sizes (-Xss)
#   Set larger code cache with -XX:ReservedCodeCacheSize=
#   JVM is running with Unscaled Compressed Oops mode in which the Java heap is
#     placed in the first 4GB address space. The Java Heap base address is the
#     maximum limit for the native heap growth. Please use -XX:HeapBaseMinAddress
#     to set the Java Heap base and to place the Java Heap above 4GB virtual address.
# This output file may be truncated or incomplete.
#
#  Out of Memory Error (./open/src/hotspot/os/windows/os_windows.cpp:3321), pid=16352, tid=8008
#
# JRE version:  (15.0.2+7) (build )
# Java VM: OpenJDK 64-Bit Server VM (15.0.2+7-27, mixed mode, sharing, tiered, compressed oops, g1 gc, windows-amd64)
# No core dump will be written. Minidumps are not enabled by default on client versions of Windows
#

---------------  S U M M A R Y ------------

Command Line: --enable-preview -javaagent:C:\Program Files\JetBrains\IntelliJ IDEA Community Edition 2020.3.2\lib\idea_rt.jar=50995:C:\Program Files\JetBrains\IntelliJ IDEA Community Edition 2020.3.2\bin -Dfile.encoding=UTF-8 Company.Main

Host: Intel(R) Core(TM) i5-9300H CPU @ 2.40GHz, 8 cores, 7G,  Windows 10 , 64 bit Build 19041 (10.0.19041.662)
Time: Tue Feb  9 23:52:27 2021 RTZ 2 (зима) elapsed time: 0.020222 seconds (0d 0h 0m 0s)

---------------  T H R E A D  ---------------

Current thread (0x0000010b57a04cf0):  JavaThread "Unknown thread" [_thread_in_vm, id=8008, stack(0x0000000a10700000,0x0000000a10800000)]

Stack: [0x0000000a10700000,0x0000000a10800000]
Native frames: (J=compiled Java code, j=interpreted, Vv=VM code, C=native code)
V  [jvm.dll+0x62ae9a]
V  [jvm.dll+0x7817a9]
V  [jvm.dll+0x782f03]
V  [jvm.dll+0x783563]
V  [jvm.dll+0x216325]
V  [jvm.dll+0x6281d9]
V  [jvm.dll+0x61cf55]
V  [jvm.dll+0x2cffdd]
V  [jvm.dll+0x2cfe42]
V  [jvm.dll+0x2d5e1c]
V  [jvm.dll+0x32590a]
V  [jvm.dll+0x324fd4]
V  [jvm.dll+0x2a6f5a]
V  [jvm.dll+0x2a80f8]
V  [jvm.dll+0x75e241]
V  [jvm.dll+0x3341c4]
V  [jvm.dll+0x73e926]
V  [jvm.dll+0x3b7557]
V  [jvm.dll+0x3b8fe1]
C  [jli.dll+0x52fb]
C  [ucrtbase.dll+0x214c2]
C  [KERNEL32.DLL+0x17034]
C  [ntdll.dll+0x4d0d1]


---------------  P R O C E S S  ---------------

Threads class SMR info:
_java_thread_list=0x00007ff868794ff0, length=0, elements={
}

Java Threads: ( => current thread )

Other Threads:
  0x0000010b57a46660 GCTaskThread "GC Thread#0" [stack: 0x0000000a10800000,0x0000000a10900000] [id=11892]
  0x0000010b57a572f0 ConcurrentGCThread "G1 Main Marker" [stack: 0x0000000a10900000,0x0000000a10a00000] [id=10992]
  0x0000010b57a59530 ConcurrentGCThread "G1 Conc#0" [stack: 0x0000000a10a00000,0x0000000a10b00000] [id=12764]

[error occurred during error reporting (printing all threads), id 0xc0000005, EXCEPTION_ACCESS_VIOLATION (0xc0000005) at pc=0x00007ff867f87e27]

VM state: not at safepoint (not fully initialized)

VM Mutex/Monitor currently owned by a thread:  ([mutex/lock_event])
[0x0000010b579ffab0] Heap_lock - owner thread: 0x0000010b57a04cf0

Heap address: 0x0000000082600000, size: 2010 MB, Compressed Oops mode: 32-bit
CDS archive(s) mapped at: [0x0000000000000000-0x0000000000000000-0x0000000000000000), size 0, SharedBaseAddress: 0x0000000800000000, ArchiveRelocationMode: 0.
Narrow klass base: 0x0000000000000000, Narrow klass shift: 0, Narrow klass range: 0x0

Heap:
 garbage-first heap   total 129024K, used 0K [0x0000000082600000, 0x0000000100000000)
  region size 1024K, 0 young (0K), 0 survivors (0K)
 Metaspace       used 0K, capacity 0K, committed 0K, reserved 0K
  class space    used 0K, capacity 0K, committed 0K, reserved 0K

Heap Regions: E=young(eden), S=young(survivor), O=old, HS=humongous(starts), HC=humongous(continues), CS=collection set, F=free, OA=open archive, CA=closed archive, TAMS=top-at-mark-start (previous, next)

Card table byte_map: [0x0000010b6f360000,0x0000010b6f750000] _byte_map_base: 0x0000010b6ef4d000

Marking Bits (Prev, Next): (CMBitMap*) 0x0000010b57a46e50, (CMBitMap*) 0x0000010b57a46e90
 Prev Bits: [0x0000010b6fb40000, 0x0000010b71aa8000)
 Next Bits: [0x0000010b71ab0000, 0x0000010b73a18000)

GC Heap History (0 events):
No events

Deoptimization events (0 events):
No events

Classes unloaded (0 events):
No events

Classes redefined (0 events):
No events

Internal exceptions (0 events):
No events

Events (1 events):
Event: 0.011 Loaded shared library C:\Users\Frolo\.jdks\openjdk-15.0.2\bin\java.dll


Dynamic libraries:
0x00007ff7d1730000 - 0x00007ff7d173d000 	C:\Users\Frolo\.jdks\openjdk-15.0.2\bin\java.exe
0x00007ff8b7710000 - 0x00007ff8b7906000 	C:\WINDOWS\SYSTEM32\ntdll.dll
0x00007ff8781f0000 - 0x00007ff878202000 	C:\Program Files\Avast Software\Avast\aswhook.dll
0x00007ff8b68b0000 - 0x00007ff8b696d000 	C:\WINDOWS\System32\KERNEL32.DLL
0x00007ff8b52a0000 - 0x00007ff8b5569000 	C:\WINDOWS\System32\KERNELBASE.dll
0x00007ff8b4e50000 - 0x00007ff8b4f50000 	C:\WINDOWS\System32\ucrtbase.dll
0x00007ff8b0e10000 - 0x00007ff8b0e28000 	C:\Users\Frolo\.jdks\openjdk-15.0.2\bin\jli.dll
0x00007ff8b6af0000 - 0x00007ff8b6c90000 	C:\WINDOWS\System32\USER32.dll
0x00007ff8b5610000 - 0x00007ff8b5632000 	C:\WINDOWS\System32\win32u.dll
0x00007ff8b6880000 - 0x00007ff8b68aa000 	C:\WINDOWS\System32\GDI32.dll
0x00007ff8b4fb0000 - 0x00007ff8b50bb000 	C:\WINDOWS\System32\gdi32full.dll
0x00007ff8b5570000 - 0x00007ff8b560d000 	C:\WINDOWS\System32\msvcp_win.dll
0x00007ff8b0df0000 - 0x00007ff8b0e09000 	C:\Users\Frolo\.jdks\openjdk-15.0.2\bin\VCRUNTIME140.dll
0x00007ff8a1bf0000 - 0x00007ff8a1e8b000 	C:\WINDOWS\WinSxS\amd64_microsoft.windows.common-controls_6595b64144ccf1df_6.0.19041.746_none_ca02b4b61b8320a4\COMCTL32.dll
0x00007ff8b6c90000 - 0x00007ff8b6d2e000 	C:\WINDOWS\System32\msvcrt.dll
0x00007ff8b7220000 - 0x00007ff8b7250000 	C:\WINDOWS\System32\IMM32.DLL
0x00007ff8b0de0000 - 0x00007ff8b0dec000 	C:\Users\Frolo\.jdks\openjdk-15.0.2\bin\vcruntime140_1.dll
0x00007ff8b0d40000 - 0x00007ff8b0dd1000 	C:\Users\Frolo\.jdks\openjdk-15.0.2\bin\msvcp140.dll
0x00007ff867cd0000 - 0x00007ff86882e000 	C:\Users\Frolo\.jdks\openjdk-15.0.2\bin\server\jvm.dll
0x00007ff8b7610000 - 0x00007ff8b76bc000 	C:\WINDOWS\System32\ADVAPI32.dll
0x00007ff8b7250000 - 0x00007ff8b72ec000 	C:\WINDOWS\System32\sechost.dll
0x00007ff8b7480000 - 0x00007ff8b75ab000 	C:\WINDOWS\System32\RPCRT4.dll
0x00007ff8b5c30000 - 0x00007ff8b5c38000 	C:\WINDOWS\System32\PSAPI.DLL
0x00007ff89c470000 - 0x00007ff89c479000 	C:\WINDOWS\SYSTEM32\WSOCK32.dll
0x00007ff8b5bc0000 - 0x00007ff8b5c2b000 	C:\WINDOWS\System32\WS2_32.dll
0x00007ff8a2070000 - 0x00007ff8a2097000 	C:\WINDOWS\SYSTEM32\WINMM.dll
0x00007ff8ae170000 - 0x00007ff8ae17a000 	C:\WINDOWS\SYSTEM32\VERSION.dll
0x00007ff8b2db0000 - 0x00007ff8b2dc2000 	C:\WINDOWS\SYSTEM32\kernel.appcore.dll
0x00007ff8b0d30000 - 0x00007ff8b0d3a000 	C:\Users\Frolo\.jdks\openjdk-15.0.2\bin\jimage.dll
0x00007ff8ac290000 - 0x00007ff8ac474000 	C:\WINDOWS\SYSTEM32\DBGHELP.DLL
0x00007ff8ac140000 - 0x00007ff8ac16c000 	C:\WINDOWS\SYSTEM32\dbgcore.DLL
0x00007ff8b5640000 - 0x00007ff8b56c0000 	C:\WINDOWS\System32\bcryptPrimitives.dll
0x00007ff8afcc0000 - 0x00007ff8afcce000 	C:\Users\Frolo\.jdks\openjdk-15.0.2\bin\instrument.dll
0x00007ff8b0d00000 - 0x00007ff8b0d25000 	C:\Users\Frolo\.jdks\openjdk-15.0.2\bin\java.dll

dbghelp: loaded successfully - version: 4.0.5 - missing functions: none
symbol engine: initialized successfully - sym options: 0x614 - pdb path: .;C:\Users\Frolo\.jdks\openjdk-15.0.2\bin;C:\WINDOWS\SYSTEM32;C:\Program Files\Avast Software\Avast;C:\WINDOWS\WinSxS\amd64_microsoft.windows.common-controls_6595b64144ccf1df_6.0.19041.746_none_ca02b4b61b8320a4;C:\Users\Frolo\.jdks\openjdk-15.0.2\bin\server

VM Arguments:
jvm_args: --enable-preview -javaagent:C:\Program Files\JetBrains\IntelliJ IDEA Community Edition 2020.3.2\lib\idea_rt.jar=50995:C:\Program Files\JetBrains\IntelliJ IDEA Community Edition 2020.3.2\bin -Dfile.encoding=UTF-8 
java_command: Company.Main
java_class_path (initial): C:\Users\Frolo\java_basics\06_InheritanceAndPolymorphism\homework_6.4\out\production\homework_6.4
Launcher Type: SUN_STANDARD

[Global flags]
     intx CICompilerCount                          = 4                                         {product} {ergonomic}
     uint ConcGCThreads                            = 2                                         {product} {ergonomic}
     uint G1ConcRefinementThreads                  = 8                                         {product} {ergonomic}
   size_t G1HeapRegionSize                         = 1048576                                   {product} {ergonomic}
    uintx GCDrainStackTargetSize                   = 64                                        {product} {ergonomic}
   size_t InitialHeapSize                          = 132120576                                 {product} {ergonomic}
   size_t MarkStackSize                            = 4194304                                   {product} {ergonomic}
   size_t MaxHeapSize                              = 2107637760                                {product} {ergonomic}
   size_t MinHeapDeltaBytes                        = 1048576                                   {product} {ergonomic}
   size_t MinHeapSize                              = 8388608                                   {product} {ergonomic}
    uintx NonNMethodCodeHeapSize                   = 5839372                                {pd product} {ergonomic}
    uintx NonProfiledCodeHeapSize                  = 122909434                              {pd product} {ergonomic}
    uintx ProfiledCodeHeapSize                     = 122909434                              {pd product} {ergonomic}
    uintx ReservedCodeCacheSize                    = 251658240                              {pd product} {ergonomic}
     bool SegmentedCodeCache                       = true                                      {product} {ergonomic}
   size_t SoftMaxHeapSize                          = 2107637760                             {manageable} {ergonomic}
     bool UseCompressedClassPointers               = true                                 {lp64_product} {ergonomic}
     bool UseCompressedOops                        = true                                 {lp64_product} {ergonomic}
     bool UseG1GC                                  = true                                      {product} {ergonomic}
     bool UseLargePagesIndividualAllocation        = false                                  {pd product} {ergonomic}

Logging:
Log output configuration:
 #0: stdout all=warning uptime,level,tags
 #1: stderr all=off uptime,level,tags

Environment Variables:
PATH=C:\Program Files\Common Files\Oracle\Java\javapath;C:\Program Files (x86)\Common Files\Oracle\Java\javapath;C:\Windows\system32;C:\Windows;C:\Windows\System32\Wbem;C:\Windows\System32\WindowsPowerShell\v1.0\;C:\Windows\System32\OpenSSH\;C:\Program Files (x86)\NVIDIA Corporation\PhysX\Common;C:\Program Files\NVIDIA Corporation\NVIDIA NvDLISR;C:\Program Files\Git\cmd;C:\WINDOWS\system32;C:\WINDOWS;C:\WINDOWS\System32\Wbem;C:\WINDOWS\System32\WindowsPowerShell\v1.0\;C:\WINDOWS\System32\OpenSSH\;C:\Users\Frolo\AppData\Local\Microsoft\WindowsApps;
USERNAME=Frolo
OS=Windows_NT
PROCESSOR_IDENTIFIER=Intel64 Family 6 Model 158 Stepping 13, GenuineIntel



---------------  S Y S T E M  ---------------

OS:
 Windows 10 , 64 bit Build 19041 (10.0.19041.662)
OS uptime: 0 days 1:27 hours

CPU: total 8 (initial active 8) (4 cores per cpu, 2 threads per core) family 6 model 158 stepping 13 microcode 0xb8, cmov, cx8, fxsr, mmx, sse, sse2, sse3, ssse3, sse4.1, sse4.2, popcnt, vzeroupper, avx, avx2, aes, clmul, erms, 3dnowpref, lzcnt, ht, tsc, tscinvbit, bmi1, bmi2, adx, fma, clflush, clflushopt

Memory: 4k page, system-wide physical 8034M (2622M free)
TotalPageFile size 8834M (AvailPageFile size 101M)
current process WorkingSet (physical memory assigned to process): 10M, peak: 10M
current process commit charge ("private bytes"): 60M, peak: 186M

vm_info: OpenJDK 64-Bit Server VM (15.0.2+7-27) for windows-amd64 JRE (15.0.2+7-27), built on Dec  7 2020 20:02:38 by "mach5one" with unknown MS VC++:1925

END.
